<?xml version="1.0" encoding="UTF-8"?>
<!-- Generated by org.testng.reporters.JUnitReportReporter -->
<testsuite skipped="0" hostname="Riyaans-MacBook-Air.local" name="com.qa.tests.LoginTests" tests="3" failures="0" timestamp="2021-12-10T09:51:53 IST" time="12.001" errors="0">
  <testcase name="invalidUserName" time="3.501" classname="com.qa.tests.LoginTests"/>
  <system-out/>
  <testcase name="invalidPassword" time="4.849" classname="com.qa.tests.LoginTests"/>
  <system-out/>
  <testcase name="successfulLogin" time="3.651" classname="com.qa.tests.LoginTests"/>
  <system-out/>
</testsuite> <!-- com.qa.tests.LoginTests -->
